<?xml version="1.0" encoding="UTF-8"?>
<!-- Generated by org.testng.reporters.JUnitReportReporter -->
<testsuite hostname="Bhosale" name="com.example.FirstTest" tests="1" failures="0" timestamp="28 Jul 2018 10:18:53 GMT" time="27.895" errors="0">
  <testcase name="firstTest" time="27.895" classname="com.example.FirstTest"/>
</testsuite> <!-- com.example.FirstTest -->
