<?xml version="1.0" encoding="UTF-8"?>
<!-- Generated by org.testng.reporters.JUnitReportReporter -->
<testsuite hostname="Bhosale" name="com.example.SecondTest" tests="3" failures="0" timestamp="22 Jul 2018 15:26:32 GMT" time="0.017" errors="0">
  <testcase name="thirdTest" time="0.005" classname="com.example.SecondTest"/>
  <testcase name="firstTest" time="0.007" classname="com.example.SecondTest"/>
  <testcase name="secondTest" time="0.005" classname="com.example.SecondTest"/>
</testsuite> <!-- com.example.SecondTest -->
