<?xml version="1.0" encoding="UTF-8"?>
<!-- Generated by org.testng.reporters.JUnitReportReporter -->
<testsuite hostname="Bhosale" name="com.example.FirstTest" tests="3" failures="0" timestamp="22 Jul 2018 15:26:32 GMT" time="0.054" errors="0">
  <testcase name="firstTest" time="0.042" classname="com.example.FirstTest"/>
  <testcase name="secondTest" time="0.006" classname="com.example.FirstTest"/>
  <testcase name="thirdTest" time="0.006" classname="com.example.FirstTest"/>
</testsuite> <!-- com.example.FirstTest -->
